e:\工作\reslib\demo\debug\demo.pch
e:\工作\reslib\demo\debug\vc140.pdb
e:\工作\reslib\demo\debug\vc140.idb
e:\工作\reslib\demo\debug\stdafx.obj
e:\工作\reslib\demo\debug\demo.obj
e:\工作\reslib\demo\debug\demodlg.obj
e:\工作\reslib\demo\debug\label.obj
e:\工作\reslib\debug\demo.ilk
e:\工作\reslib\debug\demo.exe
e:\工作\reslib\debug\demo.pdb
e:\工作\reslib\demo\debug\demo.res
e:\工作\reslib\demo\debug\demo.tlog\cl.command.1.tlog
e:\工作\reslib\demo\debug\demo.tlog\cl.read.1.tlog
e:\工作\reslib\demo\debug\demo.tlog\cl.write.1.tlog
e:\工作\reslib\demo\debug\demo.tlog\link.command.1.tlog
e:\工作\reslib\demo\debug\demo.tlog\link.read.1.tlog
e:\工作\reslib\demo\debug\demo.tlog\link.write.1.tlog
e:\工作\reslib\demo\debug\demo.tlog\rc.command.1.tlog
e:\工作\reslib\demo\debug\demo.tlog\rc.read.1.tlog
e:\工作\reslib\demo\debug\demo.tlog\rc.write.1.tlog
